<?xml version="1.0" encoding="UTF-8"?>
<testsuite xmlns:xsi="http://www.w3.org/2001/XMLSchema-instance" xsi:noNamespaceSchemaLocation="https://maven.apache.org/surefire/maven-surefire-plugin/xsd/surefire-test-report-3.0.xsd" version="3.0" name="com.udacity.catpoint.service.SecurityServiceTest" time="11.125" tests="18" errors="0" skipped="0" failures="0">
  <properties>
    <property name="java.specification.version" value="14"/>
    <property name="sun.cpu.isalist" value="amd64"/>
    <property name="sun.jnu.encoding" value="Cp1252"/>
    <property name="java.class.path" value="C:\Users\innoc\IdeaProjects\udasecurity\security\target\test-classes;C:\Users\innoc\.m2\repository\junit\junit\4.13.2\junit-4.13.2.jar;C:\Users\innoc\.m2\repository\org\hamcrest\hamcrest-core\1.3\hamcrest-core-1.3.jar;C:\Users\innoc\.m2\repository\org\junit\jupiter\junit-jupiter-api\5.8.2\junit-jupiter-api-5.8.2.jar;C:\Users\innoc\.m2\repository\org\opentest4j\opentest4j\1.2.0\opentest4j-1.2.0.jar;C:\Users\innoc\.m2\repository\org\junit\platform\junit-platform-commons\1.8.2\junit-platform-commons-1.8.2.jar;C:\Users\innoc\.m2\repository\org\apiguardian\apiguardian-api\1.1.2\apiguardian-api-1.1.2.jar;C:\Users\innoc\.m2\repository\org\junit\jupiter\junit-jupiter-params\5.9.0-M1\junit-jupiter-params-5.9.0-M1.jar;C:\Users\innoc\.m2\repository\org\mockito\mockito-junit-jupiter\4.5.1\mockito-junit-jupiter-4.5.1.jar;C:\Users\innoc\.m2\repository\org\mockito\mockito-core\4.5.1\mockito-core-4.5.1.jar;C:\Users\innoc\.m2\repository\net\bytebuddy\byte-buddy\1.12.9\byte-buddy-1.12.9.jar;C:\Users\innoc\.m2\repository\net\bytebuddy\byte-buddy-agent\1.12.9\byte-buddy-agent-1.12.9.jar;C:\Users\innoc\.m2\repository\org\objenesis\objenesis\3.2\objenesis-3.2.jar;C:\Users\innoc\.m2\repository\com\google\guava\failureaccess\1.0.1\failureaccess-1.0.1.jar;C:\Users\innoc\.m2\repository\com\google\guava\listenablefuture\9999.0-empty-to-avoid-conflict-with-guava\listenablefuture-9999.0-empty-to-avoid-conflict-with-guava.jar;C:\Users\innoc\.m2\repository\com\google\code\findbugs\jsr305\3.0.2\jsr305-3.0.2.jar;C:\Users\innoc\.m2\repository\org\checkerframework\checker-qual\3.12.0\checker-qual-3.12.0.jar;C:\Users\innoc\.m2\repository\com\google\errorprone\error_prone_annotations\2.11.0\error_prone_annotations-2.11.0.jar;C:\Users\innoc\.m2\repository\com\google\j2objc\j2objc-annotations\1.3\j2objc-annotations-1.3.jar;C:\Users\innoc\.m2\repository\com\squareup\retrofit2\converter-gson\2.9.0\converter-gson-2.9.0.jar;C:\Users\innoc\.m2\repository\com\squareup\retrofit2\retrofit\2.9.0\retrofit-2.9.0.jar;C:\Users\innoc\.m2\repository\com\squareup\okhttp3\okhttp\3.14.9\okhttp-3.14.9.jar;C:\Users\innoc\.m2\repository\com\squareup\okio\okio\1.17.2\okio-1.17.2.jar;C:\Users\innoc\.m2\repository\software\amazon\awssdk\protocol-core\2.15.19\protocol-core-2.15.19.jar;C:\Users\innoc\.m2\repository\com\fasterxml\jackson\core\jackson-core\2.10.4\jackson-core-2.10.4.jar;C:\Users\innoc\.m2\repository\com\fasterxml\jackson\core\jackson-databind\2.10.4\jackson-databind-2.10.4.jar;C:\Users\innoc\.m2\repository\com\fasterxml\jackson\core\jackson-annotations\2.10.4\jackson-annotations-2.10.4.jar;C:\Users\innoc\.m2\repository\org\reactivestreams\reactive-streams\1.0.2\reactive-streams-1.0.2.jar;C:\Users\innoc\.m2\repository\software\amazon\awssdk\annotations\2.15.19\annotations-2.15.19.jar;C:\Users\innoc\.m2\repository\software\amazon\awssdk\utils\2.15.19\utils-2.15.19.jar;C:\Users\innoc\.m2\repository\software\amazon\awssdk\http-client-spi\2.15.19\http-client-spi-2.15.19.jar;C:\Users\innoc\.m2\repository\software\amazon\awssdk\profiles\2.17.186\profiles-2.17.186.jar;C:\Users\innoc\.m2\repository\software\amazon\awssdk\json-utils\2.17.186\json-utils-2.17.186.jar;C:\Users\innoc\.m2\repository\software\amazon\awssdk\third-party-jackson-core\2.17.186\third-party-jackson-core-2.17.186.jar;C:\Users\innoc\.m2\repository\software\amazon\eventstream\eventstream\1.0.1\eventstream-1.0.1.jar;C:\Users\innoc\.m2\repository\software\amazon\awssdk\aws-json-protocol\2.17.181\aws-json-protocol-2.17.181.jar;C:\Users\innoc\.m2\repository\software\amazon\awssdk\aws-core\2.17.181\aws-core-2.17.181.jar;C:\Users\innoc\.m2\repository\software\amazon\awssdk\metrics-spi\2.17.181\metrics-spi-2.17.181.jar;C:\Users\innoc\.m2\repository\software\amazon\awssdk\apache-client\2.17.181\apache-client-2.17.181.jar;C:\Users\innoc\.m2\repository\org\apache\httpcomponents\httpclient\4.5.13\httpclient-4.5.13.jar;C:\Users\innoc\.m2\repository\commons-logging\commons-logging\1.2\commons-logging-1.2.jar;C:\Users\innoc\.m2\repository\commons-codec\commons-codec\1.11\commons-codec-1.11.jar;C:\Users\innoc\.m2\repository\org\apache\httpcomponents\httpcore\4.4.13\httpcore-4.4.13.jar;C:\Users\innoc\.m2\repository\software\amazon\awssdk\netty-nio-client\2.17.181\netty-nio-client-2.17.181.jar;C:\Users\innoc\.m2\repository\io\netty\netty-codec-http\4.1.72.Final\netty-codec-http-4.1.72.Final.jar;C:\Users\innoc\.m2\repository\io\netty\netty-codec-http2\4.1.72.Final\netty-codec-http2-4.1.72.Final.jar;C:\Users\innoc\.m2\repository\io\netty\netty-codec\4.1.72.Final\netty-codec-4.1.72.Final.jar;C:\Users\innoc\.m2\repository\io\netty\netty-transport\4.1.72.Final\netty-transport-4.1.72.Final.jar;C:\Users\innoc\.m2\repository\io\netty\netty-resolver\4.1.72.Final\netty-resolver-4.1.72.Final.jar;C:\Users\innoc\.m2\repository\io\netty\netty-common\4.1.72.Final\netty-common-4.1.72.Final.jar;C:\Users\innoc\.m2\repository\io\netty\netty-buffer\4.1.72.Final\netty-buffer-4.1.72.Final.jar;C:\Users\innoc\.m2\repository\io\netty\netty-handler\4.1.72.Final\netty-handler-4.1.72.Final.jar;C:\Users\innoc\.m2\repository\io\netty\netty-tcnative-classes\2.0.46.Final\netty-tcnative-classes-2.0.46.Final.jar;C:\Users\innoc\.m2\repository\io\netty\netty-transport-classes-epoll\4.1.72.Final\netty-transport-classes-epoll-4.1.72.Final.jar;C:\Users\innoc\.m2\repository\io\netty\netty-transport-native-unix-common\4.1.72.Final\netty-transport-native-unix-common-4.1.72.Final.jar;C:\Users\innoc\.m2\repository\com\typesafe\netty\netty-reactive-streams-http\2.0.5\netty-reactive-streams-http-2.0.5.jar;C:\Users\innoc\.m2\repository\com\typesafe\netty\netty-reactive-streams\2.0.5\netty-reactive-streams-2.0.5.jar;"/>
    <property name="java.vm.vendor" value="Oracle Corporation"/>
    <property name="sun.arch.data.model" value="64"/>
    <property name="user.variant" value=""/>
    <property name="java.vendor.url" value="https://java.oracle.com/"/>
    <property name="user.timezone" value="Africa/Lagos"/>
    <property name="os.name" value="Windows 10"/>
    <property name="java.vm.specification.version" value="14"/>
    <property name="sun.java.launcher" value="SUN_STANDARD"/>
    <property name="user.country" value="GB"/>
    <property name="sun.boot.library.path" value="C:\OpenJDK-14\jdk-14\bin"/>
    <property name="sun.java.command" value="org.apache.maven.surefire.booter.ForkedBooter C:\Users\innoc\AppData\Local\Temp\surefire3948910137703551579 2022-05-20T00-53-37_147-jvmRun1 surefire4876842022049295136tmp surefire_015408433822419252540tmp"/>
    <property name="jdk.debug" value="release"/>
    <property name="surefire.test.class.path" value="C:\Users\innoc\IdeaProjects\udasecurity\security\target\test-classes;C:\Users\innoc\.m2\repository\junit\junit\4.13.2\junit-4.13.2.jar;C:\Users\innoc\.m2\repository\org\hamcrest\hamcrest-core\1.3\hamcrest-core-1.3.jar;C:\Users\innoc\.m2\repository\org\junit\jupiter\junit-jupiter-api\5.8.2\junit-jupiter-api-5.8.2.jar;C:\Users\innoc\.m2\repository\org\opentest4j\opentest4j\1.2.0\opentest4j-1.2.0.jar;C:\Users\innoc\.m2\repository\org\junit\platform\junit-platform-commons\1.8.2\junit-platform-commons-1.8.2.jar;C:\Users\innoc\.m2\repository\org\apiguardian\apiguardian-api\1.1.2\apiguardian-api-1.1.2.jar;C:\Users\innoc\.m2\repository\org\junit\jupiter\junit-jupiter-params\5.9.0-M1\junit-jupiter-params-5.9.0-M1.jar;C:\Users\innoc\.m2\repository\org\mockito\mockito-junit-jupiter\4.5.1\mockito-junit-jupiter-4.5.1.jar;C:\Users\innoc\.m2\repository\org\mockito\mockito-core\4.5.1\mockito-core-4.5.1.jar;C:\Users\innoc\.m2\repository\net\bytebuddy\byte-buddy\1.12.9\byte-buddy-1.12.9.jar;C:\Users\innoc\.m2\repository\net\bytebuddy\byte-buddy-agent\1.12.9\byte-buddy-agent-1.12.9.jar;C:\Users\innoc\.m2\repository\org\objenesis\objenesis\3.2\objenesis-3.2.jar;C:\Users\innoc\.m2\repository\com\google\guava\failureaccess\1.0.1\failureaccess-1.0.1.jar;C:\Users\innoc\.m2\repository\com\google\guava\listenablefuture\9999.0-empty-to-avoid-conflict-with-guava\listenablefuture-9999.0-empty-to-avoid-conflict-with-guava.jar;C:\Users\innoc\.m2\repository\com\google\code\findbugs\jsr305\3.0.2\jsr305-3.0.2.jar;C:\Users\innoc\.m2\repository\org\checkerframework\checker-qual\3.12.0\checker-qual-3.12.0.jar;C:\Users\innoc\.m2\repository\com\google\errorprone\error_prone_annotations\2.11.0\error_prone_annotations-2.11.0.jar;C:\Users\innoc\.m2\repository\com\google\j2objc\j2objc-annotations\1.3\j2objc-annotations-1.3.jar;C:\Users\innoc\.m2\repository\com\squareup\retrofit2\converter-gson\2.9.0\converter-gson-2.9.0.jar;C:\Users\innoc\.m2\repository\com\squareup\retrofit2\retrofit\2.9.0\retrofit-2.9.0.jar;C:\Users\innoc\.m2\repository\com\squareup\okhttp3\okhttp\3.14.9\okhttp-3.14.9.jar;C:\Users\innoc\.m2\repository\com\squareup\okio\okio\1.17.2\okio-1.17.2.jar;C:\Users\innoc\.m2\repository\software\amazon\awssdk\protocol-core\2.15.19\protocol-core-2.15.19.jar;C:\Users\innoc\.m2\repository\com\fasterxml\jackson\core\jackson-core\2.10.4\jackson-core-2.10.4.jar;C:\Users\innoc\.m2\repository\com\fasterxml\jackson\core\jackson-databind\2.10.4\jackson-databind-2.10.4.jar;C:\Users\innoc\.m2\repository\com\fasterxml\jackson\core\jackson-annotations\2.10.4\jackson-annotations-2.10.4.jar;C:\Users\innoc\.m2\repository\org\reactivestreams\reactive-streams\1.0.2\reactive-streams-1.0.2.jar;C:\Users\innoc\.m2\repository\software\amazon\awssdk\annotations\2.15.19\annotations-2.15.19.jar;C:\Users\innoc\.m2\repository\software\amazon\awssdk\utils\2.15.19\utils-2.15.19.jar;C:\Users\innoc\.m2\repository\software\amazon\awssdk\http-client-spi\2.15.19\http-client-spi-2.15.19.jar;C:\Users\innoc\.m2\repository\software\amazon\awssdk\profiles\2.17.186\profiles-2.17.186.jar;C:\Users\innoc\.m2\repository\software\amazon\awssdk\json-utils\2.17.186\json-utils-2.17.186.jar;C:\Users\innoc\.m2\repository\software\amazon\awssdk\third-party-jackson-core\2.17.186\third-party-jackson-core-2.17.186.jar;C:\Users\innoc\.m2\repository\software\amazon\eventstream\eventstream\1.0.1\eventstream-1.0.1.jar;C:\Users\innoc\.m2\repository\software\amazon\awssdk\aws-json-protocol\2.17.181\aws-json-protocol-2.17.181.jar;C:\Users\innoc\.m2\repository\software\amazon\awssdk\aws-core\2.17.181\aws-core-2.17.181.jar;C:\Users\innoc\.m2\repository\software\amazon\awssdk\metrics-spi\2.17.181\metrics-spi-2.17.181.jar;C:\Users\innoc\.m2\repository\software\amazon\awssdk\apache-client\2.17.181\apache-client-2.17.181.jar;C:\Users\innoc\.m2\repository\org\apache\httpcomponents\httpclient\4.5.13\httpclient-4.5.13.jar;C:\Users\innoc\.m2\repository\commons-logging\commons-logging\1.2\commons-logging-1.2.jar;C:\Users\innoc\.m2\repository\commons-codec\commons-codec\1.11\commons-codec-1.11.jar;C:\Users\innoc\.m2\repository\org\apache\httpcomponents\httpcore\4.4.13\httpcore-4.4.13.jar;C:\Users\innoc\.m2\repository\software\amazon\awssdk\netty-nio-client\2.17.181\netty-nio-client-2.17.181.jar;C:\Users\innoc\.m2\repository\io\netty\netty-codec-http\4.1.72.Final\netty-codec-http-4.1.72.Final.jar;C:\Users\innoc\.m2\repository\io\netty\netty-codec-http2\4.1.72.Final\netty-codec-http2-4.1.72.Final.jar;C:\Users\innoc\.m2\repository\io\netty\netty-codec\4.1.72.Final\netty-codec-4.1.72.Final.jar;C:\Users\innoc\.m2\repository\io\netty\netty-transport\4.1.72.Final\netty-transport-4.1.72.Final.jar;C:\Users\innoc\.m2\repository\io\netty\netty-resolver\4.1.72.Final\netty-resolver-4.1.72.Final.jar;C:\Users\innoc\.m2\repository\io\netty\netty-common\4.1.72.Final\netty-common-4.1.72.Final.jar;C:\Users\innoc\.m2\repository\io\netty\netty-buffer\4.1.72.Final\netty-buffer-4.1.72.Final.jar;C:\Users\innoc\.m2\repository\io\netty\netty-handler\4.1.72.Final\netty-handler-4.1.72.Final.jar;C:\Users\innoc\.m2\repository\io\netty\netty-tcnative-classes\2.0.46.Final\netty-tcnative-classes-2.0.46.Final.jar;C:\Users\innoc\.m2\repository\io\netty\netty-transport-classes-epoll\4.1.72.Final\netty-transport-classes-epoll-4.1.72.Final.jar;C:\Users\innoc\.m2\repository\io\netty\netty-transport-native-unix-common\4.1.72.Final\netty-transport-native-unix-common-4.1.72.Final.jar;C:\Users\innoc\.m2\repository\com\typesafe\netty\netty-reactive-streams-http\2.0.5\netty-reactive-streams-http-2.0.5.jar;C:\Users\innoc\.m2\repository\com\typesafe\netty\netty-reactive-streams\2.0.5\netty-reactive-streams-2.0.5.jar;"/>
    <property name="sun.cpu.endian" value="little"/>
    <property name="user.home" value="C:\Users\innoc"/>
    <property name="user.language" value="en"/>
    <property name="java.specification.vendor" value="Oracle Corporation"/>
    <property name="jdk.module.path" value="C:\Users\innoc\IdeaProjects\udasecurity\security\target\classes;C:\Users\innoc\.m2\repository\com\miglayout\miglayout\3.7.4\miglayout-3.7.4.jar;C:\Users\innoc\.m2\repository\com\google\guava\guava\31.1-jre\guava-31.1-jre.jar;C:\Users\innoc\.m2\repository\com\google\code\gson\gson\2.9.0\gson-2.9.0.jar;C:\Users\innoc\IdeaProjects\udasecurity\image\target\classes;C:\Users\innoc\.m2\repository\org\slf4j\slf4j-api\2.0.0-alpha7\slf4j-api-2.0.0-alpha7.jar;C:\Users\innoc\.m2\repository\software\amazon\awssdk\sdk-core\2.15.19\sdk-core-2.15.19.jar;C:\Users\innoc\.m2\repository\software\amazon\awssdk\auth\2.17.186\auth-2.17.186.jar;C:\Users\innoc\.m2\repository\software\amazon\awssdk\regions\2.17.186\regions-2.17.186.jar;C:\Users\innoc\.m2\repository\software\amazon\awssdk\rekognition\2.17.181\rekognition-2.17.181.jar"/>
    <property name="java.version.date" value="2020-03-17"/>
    <property name="java.home" value="C:\OpenJDK-14\jdk-14"/>
    <property name="file.separator" value="\"/>
    <property name="basedir" value="C:\Users\innoc\IdeaProjects\udasecurity\security"/>
    <property name="java.vm.compressedOopsMode" value="32-bit"/>
    <property name="line.separator" value="&#10;"/>
    <property name="java.vm.specification.vendor" value="Oracle Corporation"/>
    <property name="java.specification.name" value="Java Platform API Specification"/>
    <property name="surefire.real.class.path" value="C:\Users\innoc\.m2\repository\org\apache\maven\surefire\surefire-booter\3.0.0-M6\surefire-booter-3.0.0-M6.jar;C:\Users\innoc\.m2\repository\org\apache\maven\surefire\surefire-api\3.0.0-M6\surefire-api-3.0.0-M6.jar;C:\Users\innoc\.m2\repository\org\apache\maven\surefire\surefire-logger-api\3.0.0-M6\surefire-logger-api-3.0.0-M6.jar;C:\Users\innoc\.m2\repository\org\apache\maven\surefire\surefire-shared-utils\3.0.0-M6\surefire-shared-utils-3.0.0-M6.jar;C:\Users\innoc\.m2\repository\org\apache\maven\surefire\surefire-extensions-spi\3.0.0-M6\surefire-extensions-spi-3.0.0-M6.jar;C:\Users\innoc\IdeaProjects\udasecurity\security\target\test-classes;C:\Users\innoc\.m2\repository\junit\junit\4.13.2\junit-4.13.2.jar;C:\Users\innoc\.m2\repository\org\hamcrest\hamcrest-core\1.3\hamcrest-core-1.3.jar;C:\Users\innoc\.m2\repository\org\junit\jupiter\junit-jupiter-api\5.8.2\junit-jupiter-api-5.8.2.jar;C:\Users\innoc\.m2\repository\org\opentest4j\opentest4j\1.2.0\opentest4j-1.2.0.jar;C:\Users\innoc\.m2\repository\org\junit\platform\junit-platform-commons\1.8.2\junit-platform-commons-1.8.2.jar;C:\Users\innoc\.m2\repository\org\apiguardian\apiguardian-api\1.1.2\apiguardian-api-1.1.2.jar;C:\Users\innoc\.m2\repository\org\junit\jupiter\junit-jupiter-params\5.9.0-M1\junit-jupiter-params-5.9.0-M1.jar;C:\Users\innoc\.m2\repository\org\mockito\mockito-junit-jupiter\4.5.1\mockito-junit-jupiter-4.5.1.jar;C:\Users\innoc\.m2\repository\org\mockito\mockito-core\4.5.1\mockito-core-4.5.1.jar;C:\Users\innoc\.m2\repository\net\bytebuddy\byte-buddy\1.12.9\byte-buddy-1.12.9.jar;C:\Users\innoc\.m2\repository\net\bytebuddy\byte-buddy-agent\1.12.9\byte-buddy-agent-1.12.9.jar;C:\Users\innoc\.m2\repository\org\objenesis\objenesis\3.2\objenesis-3.2.jar;C:\Users\innoc\.m2\repository\com\google\guava\failureaccess\1.0.1\failureaccess-1.0.1.jar;C:\Users\innoc\.m2\repository\com\google\guava\listenablefuture\9999.0-empty-to-avoid-conflict-with-guava\listenablefuture-9999.0-empty-to-avoid-conflict-with-guava.jar;C:\Users\innoc\.m2\repository\com\google\code\findbugs\jsr305\3.0.2\jsr305-3.0.2.jar;C:\Users\innoc\.m2\repository\org\checkerframework\checker-qual\3.12.0\checker-qual-3.12.0.jar;C:\Users\innoc\.m2\repository\com\google\errorprone\error_prone_annotations\2.11.0\error_prone_annotations-2.11.0.jar;C:\Users\innoc\.m2\repository\com\google\j2objc\j2objc-annotations\1.3\j2objc-annotations-1.3.jar;C:\Users\innoc\.m2\repository\com\squareup\retrofit2\converter-gson\2.9.0\converter-gson-2.9.0.jar;C:\Users\innoc\.m2\repository\com\squareup\retrofit2\retrofit\2.9.0\retrofit-2.9.0.jar;C:\Users\innoc\.m2\repository\com\squareup\okhttp3\okhttp\3.14.9\okhttp-3.14.9.jar;C:\Users\innoc\.m2\repository\com\squareup\okio\okio\1.17.2\okio-1.17.2.jar;C:\Users\innoc\.m2\repository\software\amazon\awssdk\protocol-core\2.15.19\protocol-core-2.15.19.jar;C:\Users\innoc\.m2\repository\com\fasterxml\jackson\core\jackson-core\2.10.4\jackson-core-2.10.4.jar;C:\Users\innoc\.m2\repository\com\fasterxml\jackson\core\jackson-databind\2.10.4\jackson-databind-2.10.4.jar;C:\Users\innoc\.m2\repository\com\fasterxml\jackson\core\jackson-annotations\2.10.4\jackson-annotations-2.10.4.jar;C:\Users\innoc\.m2\repository\org\reactivestreams\reactive-streams\1.0.2\reactive-streams-1.0.2.jar;C:\Users\innoc\.m2\repository\software\amazon\awssdk\annotations\2.15.19\annotations-2.15.19.jar;C:\Users\innoc\.m2\repository\software\amazon\awssdk\utils\2.15.19\utils-2.15.19.jar;C:\Users\innoc\.m2\repository\software\amazon\awssdk\http-client-spi\2.15.19\http-client-spi-2.15.19.jar;C:\Users\innoc\.m2\repository\software\amazon\awssdk\profiles\2.17.186\profiles-2.17.186.jar;C:\Users\innoc\.m2\repository\software\amazon\awssdk\json-utils\2.17.186\json-utils-2.17.186.jar;C:\Users\innoc\.m2\repository\software\amazon\awssdk\third-party-jackson-core\2.17.186\third-party-jackson-core-2.17.186.jar;C:\Users\innoc\.m2\repository\software\amazon\eventstream\eventstream\1.0.1\eventstream-1.0.1.jar;C:\Users\innoc\.m2\repository\software\amazon\awssdk\aws-json-protocol\2.17.181\aws-json-protocol-2.17.181.jar;C:\Users\innoc\.m2\repository\software\amazon\awssdk\aws-core\2.17.181\aws-core-2.17.181.jar;C:\Users\innoc\.m2\repository\software\amazon\awssdk\metrics-spi\2.17.181\metrics-spi-2.17.181.jar;C:\Users\innoc\.m2\repository\software\amazon\awssdk\apache-client\2.17.181\apache-client-2.17.181.jar;C:\Users\innoc\.m2\repository\org\apache\httpcomponents\httpclient\4.5.13\httpclient-4.5.13.jar;C:\Users\innoc\.m2\repository\commons-logging\commons-logging\1.2\commons-logging-1.2.jar;C:\Users\innoc\.m2\repository\commons-codec\commons-codec\1.11\commons-codec-1.11.jar;C:\Users\innoc\.m2\repository\org\apache\httpcomponents\httpcore\4.4.13\httpcore-4.4.13.jar;C:\Users\innoc\.m2\repository\software\amazon\awssdk\netty-nio-client\2.17.181\netty-nio-client-2.17.181.jar;C:\Users\innoc\.m2\repository\io\netty\netty-codec-http\4.1.72.Final\netty-codec-http-4.1.72.Final.jar;C:\Users\innoc\.m2\repository\io\netty\netty-codec-http2\4.1.72.Final\netty-codec-http2-4.1.72.Final.jar;C:\Users\innoc\.m2\repository\io\netty\netty-codec\4.1.72.Final\netty-codec-4.1.72.Final.jar;C:\Users\innoc\.m2\repository\io\netty\netty-transport\4.1.72.Final\netty-transport-4.1.72.Final.jar;C:\Users\innoc\.m2\repository\io\netty\netty-resolver\4.1.72.Final\netty-resolver-4.1.72.Final.jar;C:\Users\innoc\.m2\repository\io\netty\netty-common\4.1.72.Final\netty-common-4.1.72.Final.jar;C:\Users\innoc\.m2\repository\io\netty\netty-buffer\4.1.72.Final\netty-buffer-4.1.72.Final.jar;C:\Users\innoc\.m2\repository\io\netty\netty-handler\4.1.72.Final\netty-handler-4.1.72.Final.jar;C:\Users\innoc\.m2\repository\io\netty\netty-tcnative-classes\2.0.46.Final\netty-tcnative-classes-2.0.46.Final.jar;C:\Users\innoc\.m2\repository\io\netty\netty-transport-classes-epoll\4.1.72.Final\netty-transport-classes-epoll-4.1.72.Final.jar;C:\Users\innoc\.m2\repository\io\netty\netty-transport-native-unix-common\4.1.72.Final\netty-transport-native-unix-common-4.1.72.Final.jar;C:\Users\innoc\.m2\repository\com\typesafe\netty\netty-reactive-streams-http\2.0.5\netty-reactive-streams-http-2.0.5.jar;C:\Users\innoc\.m2\repository\com\typesafe\netty\netty-reactive-streams\2.0.5\netty-reactive-streams-2.0.5.jar;C:\Users\innoc\.m2\repository\org\apache\maven\surefire\surefire-junit-platform\3.0.0-M6\surefire-junit-platform-3.0.0-M6.jar;C:\Users\innoc\.m2\repository\org\apache\maven\surefire\common-java5\3.0.0-M6\common-java5-3.0.0-M6.jar;C:\Users\innoc\.m2\repository\org\junit\platform\junit-platform-launcher\1.8.2\junit-platform-launcher-1.8.2.jar;C:\Users\innoc\.m2\repository\org\junit\platform\junit-platform-engine\1.8.2\junit-platform-engine-1.8.2.jar;C:\Users\innoc\.m2\repository\org\junit\jupiter\junit-jupiter-engine\5.8.2\junit-jupiter-engine-5.8.2.jar;C:\Users\innoc\.m2\repository\org\junit\vintage\junit-vintage-engine\5.8.2\junit-vintage-engine-5.8.2.jar"/>
    <property name="user.script" value=""/>
    <property name="sun.management.compiler" value="HotSpot 64-Bit Tiered Compilers"/>
    <property name="java.runtime.version" value="14+36-1461"/>
    <property name="user.name" value="innoc"/>
    <property name="path.separator" value=";"/>
    <property name="os.version" value="10.0"/>
    <property name="java.runtime.name" value="OpenJDK Runtime Environment"/>
    <property name="file.encoding" value="Cp1252"/>
    <property name="java.vm.name" value="OpenJDK 64-Bit Server VM"/>
    <property name="localRepository" value="C:\Users\innoc\.m2\repository"/>
    <property name="java.vendor.url.bug" value="https://bugreport.java.com/bugreport/"/>
    <property name="java.io.tmpdir" value="C:\Users\innoc\AppData\Local\Temp\"/>
    <property name="java.version" value="14"/>
    <property name="user.dir" value="C:\Users\innoc\IdeaProjects\udasecurity\security"/>
    <property name="os.arch" value="amd64"/>
    <property name="java.vm.specification.name" value="Java Virtual Machine Specification"/>
    <property name="sun.os.patch.level" value=""/>
    <property name="java.library.path" value="C:\OpenJDK-14\jdk-14\bin;C:\WINDOWS\Sun\Java\bin;C:\WINDOWS\system32;C:\WINDOWS;C:\WINDOWS\system32;C:\WINDOWS;C:\WINDOWS\System32\Wbem;C:\WINDOWS\System32\WindowsPowerShell\v1.0\;C:\WINDOWS\System32\OpenSSH\;C:\Program Files\apache-maven-3.8.5\bin;C:\Program Files\Git\cmd;C:\OpenJDK-14\jdk-14\bin;C:\Users\innoc\AppData\Local\Microsoft\WindowsApps;;C:\Users\innoc\AppData\Local\Programs\Microsoft VS Code\bin;C:\Program Files\JetBrains\IntelliJ IDEA Community Edition 2022.1\bin;;."/>
    <property name="java.vm.info" value="mixed mode"/>
    <property name="java.vendor" value="Oracle Corporation"/>
    <property name="java.vm.version" value="14+36-1461"/>
    <property name="sun.io.unicode.encoding" value="UnicodeLittle"/>
    <property name="java.class.version" value="58.0"/>
  </properties>
  <testcase name="updateSensors_systemArmed_deactivateAllSensors(ArmingStatus)[1]" classname="com.udacity.catpoint.service.SecurityServiceTest" time="7.023"/>
  <testcase name="updateSensors_systemArmed_deactivateAllSensors(ArmingStatus)[2]" classname="com.udacity.catpoint.service.SecurityServiceTest" time="0.033"/>
  <testcase name="changeAlarmState_sensorDeactivateWithInactive_noChangeToAlarmState(AlarmStatus)[1]" classname="com.udacity.catpoint.service.SecurityServiceTest" time="0.075"/>
  <testcase name="changeAlarmState_sensorDeactivateWithInactive_noChangeToAlarmState(AlarmStatus)[2]" classname="com.udacity.catpoint.service.SecurityServiceTest" time="0.033"/>
  <testcase name="changeAlarmState_sensorDeactivateWithInactive_noChangeToAlarmState(AlarmStatus)[3]" classname="com.udacity.catpoint.service.SecurityServiceTest" time="0.044"/>
  <testcase name="changeAlarmStatus_alarmAlreadyPendingAndSensorActivated_alarmStatusAlarm" classname="com.udacity.catpoint.service.SecurityServiceTest" time="0.044"/>
  <testcase name="changeAlarmStatus_alarmArmedAndSensorActivated_alarmStatusPending(ArmingStatus)[1]" classname="com.udacity.catpoint.service.SecurityServiceTest" time="0.057"/>
  <testcase name="changeAlarmStatus_alarmArmedAndSensorActivated_alarmStatusPending(ArmingStatus)[2]" classname="com.udacity.catpoint.service.SecurityServiceTest" time="0.033"/>
  <testcase name="addAndRemoveSensor" classname="com.udacity.catpoint.service.SecurityServiceTest" time="0.009"/>
  <testcase name="addAndRemoveStatusListener" classname="com.udacity.catpoint.service.SecurityServiceTest" time="0.017"/>
  <testcase name="changeAlarmState_systemActivatedWhileAlreadyActiveAndAlarmPending_changeToAlarmState" classname="com.udacity.catpoint.service.SecurityServiceTest" time="0.014"/>
  <testcase name="changeAlarmState_alarmActivateAndSensorStateChange_stateNotAffected" classname="com.udacity.catpoint.service.SecurityServiceTest" time="0.029"/>
  <testcase name="changeAlarmState_alarmActivateAndSensorStateChange_stateNotAffected" classname="com.udacity.catpoint.service.SecurityServiceTest" time="0.024"/>
  <testcase name="changeAlarmState_noCatImageIdentifiedAndSensorsAreInActive_changeToAlarmStatus" classname="com.udacity.catpoint.service.SecurityServiceTest" time="1.838"/>
  <testcase name="changeAlarmStatus_systemArmedHomeAndCatDetected_changeToAlarmStatus" classname="com.udacity.catpoint.service.SecurityServiceTest" time="0.016"/>
  <testcase name="changeAlarmState_imageContainingCatDetectedAndSystemArmed_changeToAlarmStatus" classname="com.udacity.catpoint.service.SecurityServiceTest" time="0.019"/>
  <testcase name="changeAlarmStatus_alarmPendingAndAllSensorsInactive_changeToNoAlarm" classname="com.udacity.catpoint.service.SecurityServiceTest" time="0.016"/>
  <testcase name="changeAlarmStatus_systemDisArmed_changeToAlarmStatus" classname="com.udacity.catpoint.service.SecurityServiceTest" time="0.009"/>
</testsuite>